{"C:\\Users\\ryan\\Documents\\projects\\movie-list-app\\react-movie-browser\\src\\hooks\\fetcher.tsx": {"path":"C:\\Users\\ryan\\Documents\\projects\\movie-list-app\\react-movie-browser\\src\\hooks\\fetcher.tsx","all":false,"statementMap":{"0":{"start":{"line":1,"column":0},"end":{"line":1,"column":95}},"1":{"start":{"line":2,"column":0},"end":{"line":2,"column":18}},"2":{"start":{"line":3,"column":0},"end":{"line":3,"column":47}},"3":{"start":{"line":4,"column":0},"end":{"line":4,"column":5}},"4":{"start":{"line":5,"column":0},"end":{"line":5,"column":4}},"5":{"start":{"line":6,"column":0},"end":{"line":6,"column":21}},"6":{"start":{"line":7,"column":0},"end":{"line":7,"column":2}},"7":{"start":{"line":8,"column":0},"end":{"line":8,"column":0}},"8":{"start":{"line":9,"column":0},"end":{"line":9,"column":22}}},"s":{"0":1,"1":5,"2":2,"3":2,"4":3,"5":3,"6":3,"7":1,"8":1},"branchMap":{"0":{"type":"branch","line":1,"loc":{"start":{"line":1,"column":94},"end":{"line":7,"column":2}},"locations":[{"start":{"line":1,"column":94},"end":{"line":7,"column":2}}]},"1":{"type":"branch","line":1,"loc":{"start":{"line":1,"column":94},"end":{"line":7,"column":2}},"locations":[{"start":{"line":1,"column":94},"end":{"line":7,"column":2}}]},"2":{"type":"branch","line":2,"loc":{"start":{"line":2,"column":17},"end":{"line":7,"column":2}},"locations":[{"start":{"line":2,"column":17},"end":{"line":7,"column":2}}]},"3":{"type":"branch","line":2,"loc":{"start":{"line":2,"column":17},"end":{"line":4,"column":5}},"locations":[{"start":{"line":2,"column":17},"end":{"line":4,"column":5}}]},"4":{"type":"branch","line":4,"loc":{"start":{"line":4,"column":4},"end":{"line":7,"column":2}},"locations":[{"start":{"line":4,"column":4},"end":{"line":7,"column":2}}]}},"b":{"0":[5],"1":[5],"2":[4],"3":[2],"4":[3]},"fnMap":{"0":{"name":"fetcher","decl":{"start":{"line":1,"column":94},"end":{"line":7,"column":2}},"loc":{"start":{"line":1,"column":94},"end":{"line":7,"column":2}},"line":1}},"f":{"0":5}}
,"C:\\Users\\ryan\\Documents\\projects\\movie-list-app\\react-movie-browser\\src\\hooks\\useMovies.tsx": {"path":"C:\\Users\\ryan\\Documents\\projects\\movie-list-app\\react-movie-browser\\src\\hooks\\useMovies.tsx","all":false,"statementMap":{"0":{"start":{"line":1,"column":0},"end":{"line":1,"column":24}},"1":{"start":{"line":2,"column":0},"end":{"line":2,"column":31}},"2":{"start":{"line":3,"column":0},"end":{"line":3,"column":0}},"3":{"start":{"line":4,"column":0},"end":{"line":4,"column":25}},"4":{"start":{"line":5,"column":0},"end":{"line":5,"column":75}},"5":{"start":{"line":6,"column":0},"end":{"line":6,"column":4}},"6":{"start":{"line":7,"column":0},"end":{"line":7,"column":12}},"7":{"start":{"line":8,"column":0},"end":{"line":8,"column":22}},"8":{"start":{"line":9,"column":0},"end":{"line":9,"column":26}},"9":{"start":{"line":10,"column":0},"end":{"line":10,"column":5}},"10":{"start":{"line":11,"column":0},"end":{"line":11,"column":1}},"11":{"start":{"line":12,"column":0},"end":{"line":12,"column":0}},"12":{"start":{"line":13,"column":0},"end":{"line":13,"column":24}}},"s":{"0":1,"1":1,"2":1,"3":1,"4":5,"5":5,"6":5,"7":5,"8":5,"9":5,"10":5,"11":1,"12":1},"branchMap":{"0":{"type":"branch","line":4,"loc":{"start":{"line":4,"column":18},"end":{"line":11,"column":1}},"locations":[{"start":{"line":4,"column":18},"end":{"line":11,"column":1}}]}},"b":{"0":[5]},"fnMap":{"0":{"name":"useMovies","decl":{"start":{"line":4,"column":18},"end":{"line":11,"column":1}},"loc":{"start":{"line":4,"column":18},"end":{"line":11,"column":1}},"line":4}},"f":{"0":5}}
}
